\BOOKMARK [1][-]{section.1}{Gii thiu}{}% 1
\BOOKMARK [2][-]{subsection.1.1}{V h thng ph\341t hin chui}{section.1}% 2
\BOOKMARK [2][-]{subsection.1.2}{V thit bi s dung \(Board FPGA De2i\)}{section.1}% 3
\BOOKMARK [2][-]{subsection.1.3}{V c\341c chc nang cua san phm}{section.1}% 4
\BOOKMARK [2][-]{subsection.1.4}{M\364 ta input/output:}{section.1}% 5
\BOOKMARK [3][-]{subsubsection.1.4.1}{Input}{subsection.1.4}% 6
\BOOKMARK [3][-]{subsubsection.1.4.2}{Output}{subsection.1.4}% 7
\BOOKMARK [1][-]{section.2}{Thit k}{}% 8
\BOOKMARK [2][-]{subsection.2.1}{Shift register PISO}{section.2}% 9
\BOOKMARK [2][-]{subsection.2.2}{Moore state machine}{section.2}% 10
\BOOKMARK [2][-]{subsection.2.3}{counter1}{section.2}% 11
\BOOKMARK [2][-]{subsection.2.4}{counter2}{section.2}% 12
\BOOKMARK [2][-]{subsection.2.5}{binary to BCD}{section.2}% 13
\BOOKMARK [2][-]{subsection.2.6}{Decode 7447}{section.2}% 14
\BOOKMARK [2][-]{subsection.2.7}{LEDshift}{section.2}% 15
\BOOKMARK [1][-]{section.3}{Hin thc}{}% 16
\BOOKMARK [2][-]{subsection.3.1}{Shift register PISO}{section.3}% 17
\BOOKMARK [2][-]{subsection.3.2}{Moore state machine}{section.3}% 18
\BOOKMARK [2][-]{subsection.3.3}{counter 1}{section.3}% 19
\BOOKMARK [2][-]{subsection.3.4}{counter 2}{section.3}% 20
\BOOKMARK [2][-]{subsection.3.5}{bin to BCD}{section.3}% 21
\BOOKMARK [2][-]{subsection.3.6}{Decode 7447}{section.3}% 22
\BOOKMARK [2][-]{subsection.3.7}{LEDshift}{section.3}% 23
\BOOKMARK [1][-]{section.4}{Kim th}{}% 24
\BOOKMARK [1][-]{section.5}{Kt lun}{}% 25
\BOOKMARK [1][-]{section.6}{Bang ph\342n c\364ng c\364ng vic}{}% 26
